<?xml version="1.0" encoding="UTF-8"?>
<testsuite name="com.BridgeLabz.quantityMeasurement.QuantityTest" tests="1" skipped="0" failures="0" errors="0" timestamp="2020-04-21T07:22:44" hostname="rageshwari" time="0.034">
  <properties/>
  <testcase name="given0FeetAnd0Feet_shouldReturnEqual" classname="com.BridgeLabz.quantityMeasurement.QuantityTest" time="0.034"/>
  <system-out><![CDATA[]]></system-out>
  <system-err><![CDATA[]]></system-err>
</testsuite>
